<?xml version="1.0" encoding="UTF-8"?>
<testsuite name="com.example.tests.HodFlowTest" tests="1" skipped="0" failures="1" errors="0" timestamp="2026-04-04T19:57:48.409Z" hostname="nanis-Macbook.local" time="31.053">
  <properties/>
  <testcase name="testHodApproveRequest()" classname="com.example.tests.HodFlowTest" time="31.053">
    <failure message="org.openqa.selenium.TimeoutException: Expected condition failed: waiting for visibility of element located by AppiumBy.id: com.example.campus_space_scheduler:id/etUser (tried for 15 second(s) with 500 milliseconds interval)&#10;Build info: version: '4.19.1', revision: 'abe0ee07dc'&#10;System info: os.name: 'Mac OS X', os.arch: 'aarch64', os.version: '26.4', java.version: '25.0.2'&#10;Driver info: io.appium.java_client.android.AndroidDriver&#10;Capabilities {appium:appActivity: com.example.campus_space_sc..., appium:appPackage: com.example.campus_space_sc..., appium:automationName: UiAutomator2, appium:databaseEnabled: false, appium:desired: {appActivity: com.example.campus_space_sc..., appPackage: com.example.campus_space_sc..., automationName: UiAutomator2, deviceName: OnePlus CPH2467, fullReset: false, noReset: true, platformName: ANDROID, udid: d2f1eed2}, appium:deviceApiLevel: 35, appium:deviceManufacturer: OnePlus, appium:deviceModel: CPH2467, appium:deviceName: d2f1eed2, appium:deviceScreenDensity: 480, appium:deviceScreenSize: 1080x2400, appium:deviceUDID: d2f1eed2, appium:fullReset: false, appium:javascriptEnabled: true, appium:locationContextEnabled: false, appium:networkConnectionEnabled: true, appium:noReset: true, appium:pixelRatio: 3, appium:platformVersion: 15, appium:statBarHeight: 107, appium:takesScreenshot: true, appium:udid: d2f1eed2, appium:viewportRect: {height: 2293, left: 0, top: 107, width: 1080}, appium:warnings: {}, appium:webStorageEnabled: false, platformName: ANDROID}&#10;Session ID: 78f55c35-b05d-4d95-a50f-03e38c8ccf63" type="org.openqa.selenium.TimeoutException">org.openqa.selenium.TimeoutException: Expected condition failed: waiting for visibility of element located by AppiumBy.id: com.example.campus_space_scheduler:id/etUser (tried for 15 second(s) with 500 milliseconds interval)
Build info: version: '4.19.1', revision: 'abe0ee07dc'
System info: os.name: 'Mac OS X', os.arch: 'aarch64', os.version: '26.4', java.version: '25.0.2'
Driver info: io.appium.java_client.android.AndroidDriver
Capabilities {appium:appActivity: com.example.campus_space_sc..., appium:appPackage: com.example.campus_space_sc..., appium:automationName: UiAutomator2, appium:databaseEnabled: false, appium:desired: {appActivity: com.example.campus_space_sc..., appPackage: com.example.campus_space_sc..., automationName: UiAutomator2, deviceName: OnePlus CPH2467, fullReset: false, noReset: true, platformName: ANDROID, udid: d2f1eed2}, appium:deviceApiLevel: 35, appium:deviceManufacturer: OnePlus, appium:deviceModel: CPH2467, appium:deviceName: d2f1eed2, appium:deviceScreenDensity: 480, appium:deviceScreenSize: 1080x2400, appium:deviceUDID: d2f1eed2, appium:fullReset: false, appium:javascriptEnabled: true, appium:locationContextEnabled: false, appium:networkConnectionEnabled: true, appium:noReset: true, appium:pixelRatio: 3, appium:platformVersion: 15, appium:statBarHeight: 107, appium:takesScreenshot: true, appium:udid: d2f1eed2, appium:viewportRect: {height: 2293, left: 0, top: 107, width: 1080}, appium:warnings: {}, appium:webStorageEnabled: false, platformName: ANDROID}
Session ID: 78f55c35-b05d-4d95-a50f-03e38c8ccf63
	at app//org.openqa.selenium.support.ui.WebDriverWait.timeoutException(WebDriverWait.java:84)
	at app//org.openqa.selenium.support.ui.FluentWait.until(FluentWait.java:228)
	at app//com.example.tests.BaseTest.type(BaseTest.java:55)
	at app//com.example.tests.BaseTest.performLogin(BaseTest.java:190)
	at app//com.example.tests.HodFlowTest.testHodApproveRequest(HodFlowTest.java:16)
	at java.base@25.0.2/java.lang.reflect.Method.invoke(Method.java:565)
	at java.base@25.0.2/java.util.ArrayList.forEach(ArrayList.java:1604)
	at java.base@25.0.2/java.util.ArrayList.forEach(ArrayList.java:1604)
</failure>
  </testcase>
  <system-out><![CDATA[]]></system-out>
  <system-err><![CDATA[]]></system-err>
</testsuite>
